Start testing: Nov 11 21:03 CST
----------------------------------------------------------
1/20 Testing: args-test
1/20 Test: args-test
Command: "/home/jianqiu/Desktop/ProfessionalCppCodeHelper/fmt-10.1.0/build/bin/args-test"
Directory: /home/jianqiu/Desktop/ProfessionalCppCodeHelper/fmt-10.1.0/build/test
"args-test" start time: Nov 11 21:03 CST
Output:
----------------------------------------------------------
[==========] Running 12 tests from 1 test suite.
[----------] Global test environment set-up.
[----------] 12 tests from args_test
[ RUN      ] args_test.basic
[       OK ] args_test.basic (0 ms)
[ RUN      ] args_test.strings_and_refs
[       OK ] args_test.strings_and_refs (0 ms)
[ RUN      ] args_test.custom_format
[       OK ] args_test.custom_format (0 ms)
[ RUN      ] args_test.to_string_and_formatter
[       OK ] args_test.to_string_and_formatter (0 ms)
[ RUN      ] args_test.named_int
[       OK ] args_test.named_int (0 ms)
[ RUN      ] args_test.named_strings
[       OK ] args_test.named_strings (0 ms)
[ RUN      ] args_test.named_arg_by_ref
[       OK ] args_test.named_arg_by_ref (0 ms)
[ RUN      ] args_test.named_custom_format
[       OK ] args_test.named_custom_format (0 ms)
[ RUN      ] args_test.clear
[       OK ] args_test.clear (0 ms)
[ RUN      ] args_test.reserve
[       OK ] args_test.reserve (0 ms)
[ RUN      ] args_test.throw_on_copy
[       OK ] args_test.throw_on_copy (0 ms)
[ RUN      ] args_test.move_constructor
[       OK ] args_test.move_constructor (0 ms)
[----------] 12 tests from args_test (0 ms total)

[----------] Global test environment tear-down
[==========] 12 tests from 1 test suite ran. (0 ms total)
[  PASSED  ] 12 tests.
<end of output>
Test time =   0.00 sec
----------------------------------------------------------
Test Passed.
"args-test" end time: Nov 11 21:03 CST
"args-test" time elapsed: 00:00:00
----------------------------------------------------------

2/20 Testing: assert-test
2/20 Test: assert-test
Command: "/home/jianqiu/Desktop/ProfessionalCppCodeHelper/fmt-10.1.0/build/bin/assert-test"
Directory: /home/jianqiu/Desktop/ProfessionalCppCodeHelper/fmt-10.1.0/build/test
"assert-test" start time: Nov 11 21:03 CST
Output:
----------------------------------------------------------
[==========] Running 2 tests from 1 test suite.
[----------] Global test environment set-up.
[----------] 2 tests from assert_test
[ RUN      ] assert_test.fail
[       OK ] assert_test.fail (0 ms)
[ RUN      ] assert_test.dangling_else
[       OK ] assert_test.dangling_else (0 ms)
[----------] 2 tests from assert_test (0 ms total)

[----------] Global test environment tear-down
[==========] 2 tests from 1 test suite ran. (0 ms total)
[  PASSED  ] 2 tests.
<end of output>
Test time =   0.00 sec
----------------------------------------------------------
Test Passed.
"assert-test" end time: Nov 11 21:03 CST
"assert-test" time elapsed: 00:00:00
----------------------------------------------------------

3/20 Testing: chrono-test
3/20 Test: chrono-test
Command: "/home/jianqiu/Desktop/ProfessionalCppCodeHelper/fmt-10.1.0/build/bin/chrono-test"
Directory: /home/jianqiu/Desktop/ProfessionalCppCodeHelper/fmt-10.1.0/build/test
"chrono-test" start time: Nov 11 21:03 CST
Output:
----------------------------------------------------------
[==========] Running 31 tests from 1 test suite.
[----------] Global test environment set-up.
[----------] 31 tests from chrono_test
[ RUN      ] chrono_test.format_tm
[       OK ] chrono_test.format_tm (23 ms)
[ RUN      ] chrono_test.format_tm_future
[       OK ] chrono_test.format_tm_future (0 ms)
[ RUN      ] chrono_test.format_tm_past
[       OK ] chrono_test.format_tm_past (0 ms)
[ RUN      ] chrono_test.grow_buffer
[       OK ] chrono_test.grow_buffer (0 ms)
[ RUN      ] chrono_test.format_to_empty_container
[       OK ] chrono_test.format_to_empty_container (0 ms)
[ RUN      ] chrono_test.empty_result
[       OK ] chrono_test.empty_result (0 ms)
[ RUN      ] chrono_test.gmtime
[       OK ] chrono_test.gmtime (0 ms)
[ RUN      ] chrono_test.system_clock_time_point
[       OK ] chrono_test.system_clock_time_point (0 ms)
[ RUN      ] chrono_test.format_default
[       OK ] chrono_test.format_default (0 ms)
[ RUN      ] chrono_test.duration_align
[       OK ] chrono_test.duration_align (0 ms)
[ RUN      ] chrono_test.tm_align
[       OK ] chrono_test.tm_align (0 ms)
[ RUN      ] chrono_test.tp_align
[       OK ] chrono_test.tp_align (0 ms)
[ RUN      ] chrono_test.format_specs
[       OK ] chrono_test.format_specs (0 ms)
[ RUN      ] chrono_test.invalid_specs
[       OK ] chrono_test.invalid_specs (0 ms)
[ RUN      ] chrono_test.locale
ja_JP.utf8 locale is missing.
[       OK ] chrono_test.locale (0 ms)
[ RUN      ] chrono_test.format_default_fp
[       OK ] chrono_test.format_default_fp (0 ms)
[ RUN      ] chrono_test.format_precision
[       OK ] chrono_test.format_precision (0 ms)
[ RUN      ] chrono_test.format_full_specs
[       OK ] chrono_test.format_full_specs (0 ms)
[ RUN      ] chrono_test.format_simple_q
[       OK ] chrono_test.format_simple_q (0 ms)
[ RUN      ] chrono_test.format_precision_q
[       OK ] chrono_test.format_precision_q (0 ms)
[ RUN      ] chrono_test.format_full_specs_q
[       OK ] chrono_test.format_full_specs_q (0 ms)
[ RUN      ] chrono_test.invalid_width_id
[       OK ] chrono_test.invalid_width_id (0 ms)
[ RUN      ] chrono_test.invalid_colons
[       OK ] chrono_test.invalid_colons (0 ms)
[ RUN      ] chrono_test.negative_durations
[       OK ] chrono_test.negative_durations (0 ms)
[ RUN      ] chrono_test.special_durations
[       OK ] chrono_test.special_durations (0 ms)
[ RUN      ] chrono_test.unsigned_duration
[       OK ] chrono_test.unsigned_duration (0 ms)
[ RUN      ] chrono_test.weekday
ru_RU.UTF-8 locale is missing.
[       OK ] chrono_test.weekday (0 ms)
[ RUN      ] chrono_test.cpp20_duration_subsecond_support
[       OK ] chrono_test.cpp20_duration_subsecond_support (0 ms)
[ RUN      ] chrono_test.timestamps_ratios
[       OK ] chrono_test.timestamps_ratios (0 ms)
[ RUN      ] chrono_test.timestamps_sub_seconds
[       OK ] chrono_test.timestamps_sub_seconds (0 ms)
[ RUN      ] chrono_test.glibc_extensions
[       OK ] chrono_test.glibc_extensions (0 ms)
[----------] 31 tests from chrono_test (23 ms total)

[----------] Global test environment tear-down
[==========] 31 tests from 1 test suite ran. (23 ms total)
[  PASSED  ] 31 tests.
<end of output>
Test time =   0.03 sec
----------------------------------------------------------
Test Passed.
"chrono-test" end time: Nov 11 21:03 CST
"chrono-test" time elapsed: 00:00:00
----------------------------------------------------------

4/20 Testing: color-test
4/20 Test: color-test
Command: "/home/jianqiu/Desktop/ProfessionalCppCodeHelper/fmt-10.1.0/build/bin/color-test"
Directory: /home/jianqiu/Desktop/ProfessionalCppCodeHelper/fmt-10.1.0/build/test
"color-test" start time: Nov 11 21:03 CST
Output:
----------------------------------------------------------
[==========] Running 3 tests from 1 test suite.
[----------] Global test environment set-up.
[----------] 3 tests from color_test
[ RUN      ] color_test.format
[       OK ] color_test.format (0 ms)
[ RUN      ] color_test.format_to
[       OK ] color_test.format_to (0 ms)
[ RUN      ] color_test.print
[       OK ] color_test.print (0 ms)
[----------] 3 tests from color_test (0 ms total)

[----------] Global test environment tear-down
[==========] 3 tests from 1 test suite ran. (0 ms total)
[  PASSED  ] 3 tests.
<end of output>
Test time =   0.00 sec
----------------------------------------------------------
Test Passed.
"color-test" end time: Nov 11 21:03 CST
"color-test" time elapsed: 00:00:00
----------------------------------------------------------

5/20 Testing: core-test
5/20 Test: core-test
Command: "/home/jianqiu/Desktop/ProfessionalCppCodeHelper/fmt-10.1.0/build/bin/core-test"
Directory: /home/jianqiu/Desktop/ProfessionalCppCodeHelper/fmt-10.1.0/build/test
"core-test" start time: Nov 11 21:03 CST
Output:
----------------------------------------------------------
[==========] Running 57 tests from 18 test suites.
[----------] Global test environment set-up.
[----------] 4 tests from string_view_test
[ RUN      ] string_view_test.value_type
[       OK ] string_view_test.value_type (0 ms)
[ RUN      ] string_view_test.ctor
[       OK ] string_view_test.ctor (0 ms)
[ RUN      ] string_view_test.length
[       OK ] string_view_test.length (0 ms)
[ RUN      ] string_view_test.compare
[       OK ] string_view_test.compare (0 ms)
[----------] 4 tests from string_view_test (0 ms total)

[----------] 20 tests from core_test
[ RUN      ] core_test.is_output_iterator
[       OK ] core_test.is_output_iterator (0 ms)
[ RUN      ] core_test.buffer_appender
[       OK ] core_test.buffer_appender (0 ms)
[ RUN      ] core_test.constexpr_parse_arg_id
[       OK ] core_test.constexpr_parse_arg_id (0 ms)
[ RUN      ] core_test.constexpr_parse_format_specs
[       OK ] core_test.constexpr_parse_format_specs (0 ms)
[ RUN      ] core_test.constexpr_parse_format_string
[       OK ] core_test.constexpr_parse_format_string (0 ms)
[ RUN      ] core_test.has_formatter
[       OK ] core_test.has_formatter (0 ms)
[ RUN      ] core_test.is_formattable
[       OK ] core_test.is_formattable (0 ms)
[ RUN      ] core_test.format
[       OK ] core_test.format (0 ms)
[ RUN      ] core_test.format_to
[       OK ] core_test.format_to (0 ms)
[ RUN      ] core_test.format_byte
[       OK ] core_test.format_byte (0 ms)
[ RUN      ] core_test.formatter_overrides_implicit_conversion
[       OK ] core_test.formatter_overrides_implicit_conversion (0 ms)
[ RUN      ] core_test.adl_check
[       OK ] core_test.adl_check (0 ms)
[ RUN      ] core_test.no_implicit_conversion_to_string_view
[       OK ] core_test.no_implicit_conversion_to_string_view (0 ms)
[ RUN      ] core_test.no_implicit_conversion_to_std_string_view
[       OK ] core_test.no_implicit_conversion_to_std_string_view (0 ms)
[ RUN      ] core_test.format_explicitly_convertible_to_string_view
[       OK ] core_test.format_explicitly_convertible_to_string_view (0 ms)
[ RUN      ] core_test.format_explicitly_convertible_to_std_string_view
[       OK ] core_test.format_explicitly_convertible_to_std_string_view (0 ms)
[ RUN      ] core_test.adl
[       OK ] core_test.adl (0 ms)
[ RUN      ] core_test.has_const_formatter
[       OK ] core_test.has_const_formatter (0 ms)
[ RUN      ] core_test.format_nonconst
[       OK ] core_test.format_nonconst (0 ms)
[ RUN      ] core_test.trappy_conversion
[       OK ] core_test.trappy_conversion (0 ms)
[----------] 20 tests from core_test (0 ms total)

[----------] 11 tests from buffer_test
[ RUN      ] buffer_test.noncopyable
[       OK ] buffer_test.noncopyable (0 ms)
[ RUN      ] buffer_test.nonmoveable
[       OK ] buffer_test.nonmoveable (0 ms)
[ RUN      ] buffer_test.indestructible
[       OK ] buffer_test.indestructible (0 ms)
[ RUN      ] buffer_test.ctor
[       OK ] buffer_test.ctor (0 ms)
[ RUN      ] buffer_test.access
[       OK ] buffer_test.access (0 ms)
[ RUN      ] buffer_test.try_resize
[       OK ] buffer_test.try_resize (0 ms)
[ RUN      ] buffer_test.try_resize_partial
[       OK ] buffer_test.try_resize_partial (0 ms)
[ RUN      ] buffer_test.clear
[       OK ] buffer_test.clear (0 ms)
[ RUN      ] buffer_test.append
[       OK ] buffer_test.append (0 ms)
[ RUN      ] buffer_test.append_partial
[       OK ] buffer_test.append_partial (0 ms)
[ RUN      ] buffer_test.append_allocates_enough_storage
[       OK ] buffer_test.append_allocates_enough_storage (0 ms)
[----------] 11 tests from buffer_test (0 ms total)

[----------] 8 tests from arg_test
[ RUN      ] arg_test.format_args
[       OK ] arg_test.format_args (0 ms)
[ RUN      ] arg_test.make_value_with_custom_context
[       OK ] arg_test.make_value_with_custom_context (0 ms)
[ RUN      ] arg_test.char_arg
[       OK ] arg_test.char_arg (0 ms)
[ RUN      ] arg_test.string_arg
[       OK ] arg_test.string_arg (0 ms)
[ RUN      ] arg_test.wstring_arg
[       OK ] arg_test.wstring_arg (0 ms)
[ RUN      ] arg_test.pointer_arg
[       OK ] arg_test.pointer_arg (0 ms)
[ RUN      ] arg_test.custom_arg
[       OK ] arg_test.custom_arg (0 ms)
[ RUN      ] arg_test.visit_invalid_arg
[       OK ] arg_test.visit_invalid_arg (0 ms)
[----------] 8 tests from arg_test (0 ms total)

[----------] 1 test from numeric_arg_test/0, where TypeParam = bool
[ RUN      ] numeric_arg_test/0.make_and_visit
[       OK ] numeric_arg_test/0.make_and_visit (0 ms)
[----------] 1 test from numeric_arg_test/0 (0 ms total)

[----------] 1 test from numeric_arg_test/1, where TypeParam = signed char
[ RUN      ] numeric_arg_test/1.make_and_visit
[       OK ] numeric_arg_test/1.make_and_visit (0 ms)
[----------] 1 test from numeric_arg_test/1 (0 ms total)

[----------] 1 test from numeric_arg_test/2, where TypeParam = unsigned char
[ RUN      ] numeric_arg_test/2.make_and_visit
[       OK ] numeric_arg_test/2.make_and_visit (0 ms)
[----------] 1 test from numeric_arg_test/2 (0 ms total)

[----------] 1 test from numeric_arg_test/3, where TypeParam = short
[ RUN      ] numeric_arg_test/3.make_and_visit
[       OK ] numeric_arg_test/3.make_and_visit (0 ms)
[----------] 1 test from numeric_arg_test/3 (0 ms total)

[----------] 1 test from numeric_arg_test/4, where TypeParam = unsigned short
[ RUN      ] numeric_arg_test/4.make_and_visit
[       OK ] numeric_arg_test/4.make_and_visit (0 ms)
[----------] 1 test from numeric_arg_test/4 (0 ms total)

[----------] 1 test from numeric_arg_test/5, where TypeParam = int
[ RUN      ] numeric_arg_test/5.make_and_visit
[       OK ] numeric_arg_test/5.make_and_visit (0 ms)
[----------] 1 test from numeric_arg_test/5 (0 ms total)

[----------] 1 test from numeric_arg_test/6, where TypeParam = unsigned int
[ RUN      ] numeric_arg_test/6.make_and_visit
[       OK ] numeric_arg_test/6.make_and_visit (0 ms)
[----------] 1 test from numeric_arg_test/6 (0 ms total)

[----------] 1 test from numeric_arg_test/7, where TypeParam = long
[ RUN      ] numeric_arg_test/7.make_and_visit
[       OK ] numeric_arg_test/7.make_and_visit (0 ms)
[----------] 1 test from numeric_arg_test/7 (0 ms total)

[----------] 1 test from numeric_arg_test/8, where TypeParam = unsigned long
[ RUN      ] numeric_arg_test/8.make_and_visit
[       OK ] numeric_arg_test/8.make_and_visit (0 ms)
[----------] 1 test from numeric_arg_test/8 (0 ms total)

[----------] 1 test from numeric_arg_test/9, where TypeParam = long long
[ RUN      ] numeric_arg_test/9.make_and_visit
[       OK ] numeric_arg_test/9.make_and_visit (0 ms)
[----------] 1 test from numeric_arg_test/9 (0 ms total)

[----------] 1 test from numeric_arg_test/10, where TypeParam = unsigned long long
[ RUN      ] numeric_arg_test/10.make_and_visit
[       OK ] numeric_arg_test/10.make_and_visit (0 ms)
[----------] 1 test from numeric_arg_test/10 (0 ms total)

[----------] 1 test from numeric_arg_test/11, where TypeParam = float
[ RUN      ] numeric_arg_test/11.make_and_visit
[       OK ] numeric_arg_test/11.make_and_visit (0 ms)
[----------] 1 test from numeric_arg_test/11 (0 ms total)

[----------] 1 test from numeric_arg_test/12, where TypeParam = double
[ RUN      ] numeric_arg_test/12.make_and_visit
[       OK ] numeric_arg_test/12.make_and_visit (0 ms)
[----------] 1 test from numeric_arg_test/12 (0 ms total)

[----------] 1 test from numeric_arg_test/13, where TypeParam = long double
[ RUN      ] numeric_arg_test/13.make_and_visit
[       OK ] numeric_arg_test/13.make_and_visit (0 ms)
[----------] 1 test from numeric_arg_test/13 (0 ms total)

[----------] Global test environment tear-down
[==========] 57 tests from 18 test suites ran. (0 ms total)
[  PASSED  ] 57 tests.
<end of output>
Test time =   0.00 sec
----------------------------------------------------------
Test Passed.
"core-test" end time: Nov 11 21:03 CST
"core-test" time elapsed: 00:00:00
----------------------------------------------------------

6/20 Testing: gtest-extra-test
6/20 Test: gtest-extra-test
Command: "/home/jianqiu/Desktop/ProfessionalCppCodeHelper/fmt-10.1.0/build/bin/gtest-extra-test"
Directory: /home/jianqiu/Desktop/ProfessionalCppCodeHelper/fmt-10.1.0/build/test
"gtest-extra-test" start time: Nov 11 21:03 CST
Output:
----------------------------------------------------------
[==========] Running 23 tests from 3 test suites.
[----------] Global test environment set-up.
[----------] 6 tests from single_evaluation_test
[ RUN      ] single_evaluation_test.failed_expect_throw_msg
[       OK ] single_evaluation_test.failed_expect_throw_msg (0 ms)
[ RUN      ] single_evaluation_test.failed_expect_system_error
[       OK ] single_evaluation_test.failed_expect_system_error (0 ms)
[ RUN      ] single_evaluation_test.exception_tests
[       OK ] single_evaluation_test.exception_tests (0 ms)
[ RUN      ] single_evaluation_test.system_error_tests
[       OK ] single_evaluation_test.system_error_tests (0 ms)
[ RUN      ] single_evaluation_test.failed_expect_write
[       OK ] single_evaluation_test.failed_expect_write (0 ms)
[ RUN      ] single_evaluation_test.write_tests
[       OK ] single_evaluation_test.write_tests (0 ms)
[----------] 6 tests from single_evaluation_test (0 ms total)

[----------] 11 tests from gtest_extra_test
[ RUN      ] gtest_extra_test.expect_write
[       OK ] gtest_extra_test.expect_write (0 ms)
[ RUN      ] gtest_extra_test.expect_write_streaming
[       OK ] gtest_extra_test.expect_write_streaming (0 ms)
[ RUN      ] gtest_extra_test.expect_throw_no_unreachable_code_warning
[       OK ] gtest_extra_test.expect_throw_no_unreachable_code_warning (0 ms)
[ RUN      ] gtest_extra_test.expect_system_error_no_unreachable_code_warning
[       OK ] gtest_extra_test.expect_system_error_no_unreachable_code_warning (0 ms)
[ RUN      ] gtest_extra_test.expect_throw_behaves_like_single_statement
[       OK ] gtest_extra_test.expect_throw_behaves_like_single_statement (0 ms)
[ RUN      ] gtest_extra_test.expect_system_error_behaves_like_single_statement
[       OK ] gtest_extra_test.expect_system_error_behaves_like_single_statement (0 ms)
[ RUN      ] gtest_extra_test.expect_write_behaves_like_single_statement
[       OK ] gtest_extra_test.expect_write_behaves_like_single_statement (0 ms)
[ RUN      ] gtest_extra_test.expect_throw_msg
[       OK ] gtest_extra_test.expect_throw_msg (0 ms)
[ RUN      ] gtest_extra_test.expect_system_error
[       OK ] gtest_extra_test.expect_system_error (0 ms)
[ RUN      ] gtest_extra_test.expect_throw_msg_streaming
[       OK ] gtest_extra_test.expect_throw_msg_streaming (0 ms)
[ RUN      ] gtest_extra_test.expect_system_error_streaming
[       OK ] gtest_extra_test.expect_system_error_streaming (0 ms)
[----------] 11 tests from gtest_extra_test (0 ms total)

[----------] 6 tests from output_redirect_test
[ RUN      ] output_redirect_test.scoped_redirect
[       OK ] output_redirect_test.scoped_redirect (0 ms)
[ RUN      ] output_redirect_test.flush_error_in_ctor
[       OK ] output_redirect_test.flush_error_in_ctor (0 ms)
[ RUN      ] output_redirect_test.dup_error_in_ctor
[       OK ] output_redirect_test.dup_error_in_ctor (0 ms)
[ RUN      ] output_redirect_test.restore_and_read
[       OK ] output_redirect_test.restore_and_read (0 ms)
[ RUN      ] output_redirect_test.flush_error_in_restore_and_read
[       OK ] output_redirect_test.flush_error_in_restore_and_read (0 ms)
[ RUN      ] output_redirect_test.error_in_dtor
[       OK ] output_redirect_test.error_in_dtor (0 ms)
[----------] 6 tests from output_redirect_test (0 ms total)

[----------] Global test environment tear-down
[==========] 23 tests from 3 test suites ran. (0 ms total)
[  PASSED  ] 23 tests.
<end of output>
Test time =   0.00 sec
----------------------------------------------------------
Test Passed.
"gtest-extra-test" end time: Nov 11 21:03 CST
"gtest-extra-test" time elapsed: 00:00:00
----------------------------------------------------------

7/20 Testing: format-test
7/20 Test: format-test
Command: "/home/jianqiu/Desktop/ProfessionalCppCodeHelper/fmt-10.1.0/build/bin/format-test"
Directory: /home/jianqiu/Desktop/ProfessionalCppCodeHelper/fmt-10.1.0/build/test
"format-test" start time: Nov 11 21:03 CST
Output:
----------------------------------------------------------
[==========] Running 114 tests from 6 test suites.
[----------] Global test environment set-up.
[----------] 5 tests from uint128_test
[ RUN      ] uint128_test.ctor
[       OK ] uint128_test.ctor (0 ms)
[ RUN      ] uint128_test.shift
[       OK ] uint128_test.shift (0 ms)
[ RUN      ] uint128_test.minus
[       OK ] uint128_test.minus (0 ms)
[ RUN      ] uint128_test.plus_assign
[       OK ] uint128_test.plus_assign (0 ms)
[ RUN      ] uint128_test.multiply
[       OK ] uint128_test.multiply (0 ms)
[----------] 5 tests from uint128_test (0 ms total)

[----------] 2 tests from float_test
[ RUN      ] float_test.isfinite
[       OK ] float_test.isfinite (0 ms)
[ RUN      ] float_test.isnan
[       OK ] float_test.isnan (0 ms)
[----------] 2 tests from float_test (0 ms total)

[----------] 9 tests from util_test
[ RUN      ] util_test.bit_cast
[       OK ] util_test.bit_cast (0 ms)
[ RUN      ] util_test.increment
[       OK ] util_test.increment (0 ms)
[ RUN      ] util_test.parse_nonnegative_int
[       OK ] util_test.parse_nonnegative_int (0 ms)
[ RUN      ] util_test.utf8_to_utf16
[       OK ] util_test.utf8_to_utf16 (0 ms)
[ RUN      ] util_test.utf8_to_utf16_empty_string
[       OK ] util_test.utf8_to_utf16_empty_string (0 ms)
[ RUN      ] util_test.allocator_ref
[       OK ] util_test.allocator_ref (0 ms)
[ RUN      ] util_test.format_system_error
[       OK ] util_test.format_system_error (0 ms)
[ RUN      ] util_test.system_error
[       OK ] util_test.system_error (0 ms)
[ RUN      ] util_test.report_system_error
[       OK ] util_test.report_system_error (0 ms)
[----------] 9 tests from util_test (0 ms total)

[----------] 9 tests from memory_buffer_test
[ RUN      ] memory_buffer_test.ctor
[       OK ] memory_buffer_test.ctor (0 ms)
[ RUN      ] memory_buffer_test.move_ctor_inline_buffer
[       OK ] memory_buffer_test.move_ctor_inline_buffer (0 ms)
[ RUN      ] memory_buffer_test.move_ctor_dynamic_buffer
[       OK ] memory_buffer_test.move_ctor_dynamic_buffer (0 ms)
[ RUN      ] memory_buffer_test.move_assignment
[       OK ] memory_buffer_test.move_assignment (0 ms)
[ RUN      ] memory_buffer_test.grow
[       OK ] memory_buffer_test.grow (0 ms)
[ RUN      ] memory_buffer_test.allocator
[       OK ] memory_buffer_test.allocator (0 ms)
[ RUN      ] memory_buffer_test.exception_in_deallocate
[       OK ] memory_buffer_test.exception_in_deallocate (0 ms)
[ RUN      ] memory_buffer_test.max_size_allocator
[       OK ] memory_buffer_test.max_size_allocator (0 ms)
[ RUN      ] memory_buffer_test.max_size_allocator_overflow
[       OK ] memory_buffer_test.max_size_allocator_overflow (0 ms)
[----------] 9 tests from memory_buffer_test (0 ms total)

[----------] 87 tests from format_test
[ RUN      ] format_test.escape
[       OK ] format_test.escape (0 ms)
[ RUN      ] format_test.unmatched_braces
[       OK ] format_test.unmatched_braces (0 ms)
[ RUN      ] format_test.no_args
[       OK ] format_test.no_args (0 ms)
[ RUN      ] format_test.args_in_different_positions
[       OK ] format_test.args_in_different_positions (0 ms)
[ RUN      ] format_test.arg_errors
[       OK ] format_test.arg_errors (0 ms)
[ RUN      ] format_test.many_args
[       OK ] format_test.many_args (0 ms)
[ RUN      ] format_test.named_arg
[       OK ] format_test.named_arg (0 ms)
[ RUN      ] format_test.auto_arg_index
[       OK ] format_test.auto_arg_index (0 ms)
[ RUN      ] format_test.empty_specs
[       OK ] format_test.empty_specs (0 ms)
[ RUN      ] format_test.left_align
[       OK ] format_test.left_align (0 ms)
[ RUN      ] format_test.right_align
[       OK ] format_test.right_align (0 ms)
[ RUN      ] format_test.center_align
[       OK ] format_test.center_align (0 ms)
[ RUN      ] format_test.fill
[       OK ] format_test.fill (0 ms)
[ RUN      ] format_test.plus_sign
[       OK ] format_test.plus_sign (0 ms)
[ RUN      ] format_test.minus_sign
[       OK ] format_test.minus_sign (0 ms)
[ RUN      ] format_test.space_sign
[       OK ] format_test.space_sign (0 ms)
[ RUN      ] format_test.hash_flag
[       OK ] format_test.hash_flag (0 ms)
[ RUN      ] format_test.zero_flag
[       OK ] format_test.zero_flag (0 ms)
[ RUN      ] format_test.zero_flag_and_align
[       OK ] format_test.zero_flag_and_align (0 ms)
[ RUN      ] format_test.width
[       OK ] format_test.width (0 ms)
[ RUN      ] format_test.runtime_width
[       OK ] format_test.runtime_width (0 ms)
[ RUN      ] format_test.precision
[       OK ] format_test.precision (0 ms)
[ RUN      ] format_test.runtime_precision
[       OK ] format_test.runtime_precision (0 ms)
[ RUN      ] format_test.format_bool
[       OK ] format_test.format_bool (0 ms)
[ RUN      ] format_test.format_short
[       OK ] format_test.format_short (0 ms)
[ RUN      ] format_test.format_int
[       OK ] format_test.format_int (0 ms)
[ RUN      ] format_test.format_bin
[       OK ] format_test.format_bin (0 ms)
[ RUN      ] format_test.format_dec
[       OK ] format_test.format_dec (0 ms)
[ RUN      ] format_test.format_hex
[       OK ] format_test.format_hex (0 ms)
[ RUN      ] format_test.format_oct
[       OK ] format_test.format_oct (0 ms)
[ RUN      ] format_test.format_int_locale
[       OK ] format_test.format_int_locale (0 ms)
[ RUN      ] format_test.format_float
[       OK ] format_test.format_float (0 ms)
[ RUN      ] format_test.format_double
[       OK ] format_test.format_double (0 ms)
[ RUN      ] format_test.precision_rounding
[       OK ] format_test.precision_rounding (0 ms)
[ RUN      ] format_test.prettify_float
[       OK ] format_test.prettify_float (0 ms)
[ RUN      ] format_test.format_nan
[       OK ] format_test.format_nan (0 ms)
[ RUN      ] format_test.format_infinity
[       OK ] format_test.format_infinity (0 ms)
[ RUN      ] format_test.format_long_double
[       OK ] format_test.format_long_double (0 ms)
[ RUN      ] format_test.format_char
[       OK ] format_test.format_char (0 ms)
[ RUN      ] format_test.format_volatile_char
[       OK ] format_test.format_volatile_char (0 ms)
[ RUN      ] format_test.format_unsigned_char
[       OK ] format_test.format_unsigned_char (0 ms)
[ RUN      ] format_test.format_cstring
[       OK ] format_test.format_cstring (0 ms)
[ RUN      ] format_test.format_pointer
[       OK ] format_test.format_pointer (0 ms)
[ RUN      ] format_test.write_uintptr_fallback
[       OK ] format_test.write_uintptr_fallback (0 ms)
[ RUN      ] format_test.format_enum_class
[       OK ] format_test.format_enum_class (0 ms)
[ RUN      ] format_test.format_string
[       OK ] format_test.format_string (0 ms)
[ RUN      ] format_test.format_string_view
[       OK ] format_test.format_string_view (0 ms)
[ RUN      ] format_test.format_std_string_view
[       OK ] format_test.format_std_string_view (0 ms)
[ RUN      ] format_test.format_explicitly_convertible_to_std_string_view
[       OK ] format_test.format_explicitly_convertible_to_std_string_view (0 ms)
[ RUN      ] format_test.format_custom
[       OK ] format_test.format_custom (0 ms)
[ RUN      ] format_test.format_to_custom
[       OK ] format_test.format_to_custom (0 ms)
[ RUN      ] format_test.format_string_from_speed_test
[       OK ] format_test.format_string_from_speed_test (0 ms)
[ RUN      ] format_test.format_examples
[       OK ] format_test.format_examples (0 ms)
[ RUN      ] format_test.print
[       OK ] format_test.print (0 ms)
[ RUN      ] format_test.variadic
[       OK ] format_test.variadic (0 ms)
[ RUN      ] format_test.bytes
[       OK ] format_test.bytes (0 ms)
[ RUN      ] format_test.group_digits_view
[       OK ] format_test.group_digits_view (0 ms)
[ RUN      ] format_test.join
[       OK ] format_test.join (0 ms)
[ RUN      ] format_test.join_bytes
[       OK ] format_test.join_bytes (0 ms)
[ RUN      ] format_test.format_message_example
[       OK ] format_test.format_message_example (0 ms)
[ RUN      ] format_test.unpacked_args
[       OK ] format_test.unpacked_args (0 ms)
[ RUN      ] format_test.compile_time_string
[       OK ] format_test.compile_time_string (0 ms)
[ RUN      ] format_test.custom_format_compile_time_string
[       OK ] format_test.custom_format_compile_time_string (0 ms)
[ RUN      ] format_test.named_arg_udl
[       OK ] format_test.named_arg_udl (0 ms)
[ RUN      ] format_test.enum
[       OK ] format_test.enum (0 ms)
[ RUN      ] format_test.formatter_not_specialized
[       OK ] format_test.formatter_not_specialized (0 ms)
[ RUN      ] format_test.non_null_terminated_format_string
[       OK ] format_test.non_null_terminated_format_string (0 ms)
[ RUN      ] format_test.to_string
[       OK ] format_test.to_string (0 ms)
[ RUN      ] format_test.output_iterators
[       OK ] format_test.output_iterators (0 ms)
[ RUN      ] format_test.formatted_size
[       OK ] format_test.formatted_size (0 ms)
[ RUN      ] format_test.format_to_no_args
[       OK ] format_test.format_to_no_args (0 ms)
[ RUN      ] format_test.format_to
[       OK ] format_test.format_to (0 ms)
[ RUN      ] format_test.format_to_memory_buffer
[       OK ] format_test.format_to_memory_buffer (0 ms)
[ RUN      ] format_test.format_to_vector
[       OK ] format_test.format_to_vector (0 ms)
[ RUN      ] format_test.format_to_propagates_exceptions
[       OK ] format_test.format_to_propagates_exceptions (0 ms)
[ RUN      ] format_test.format_to_n
[       OK ] format_test.format_to_n (0 ms)
[ RUN      ] format_test.format_to_n_output_iterator
[       OK ] format_test.format_to_n_output_iterator (0 ms)
[ RUN      ] format_test.vformat_to
[       OK ] format_test.vformat_to (0 ms)
[ RUN      ] format_test.char_traits_is_not_ambiguous
[       OK ] format_test.char_traits_is_not_ambiguous (0 ms)
[ RUN      ] format_test.back_insert_slicing
[       OK ] format_test.back_insert_slicing (0 ms)
[ RUN      ] format_test.format_as
[       OK ] format_test.format_as (0 ms)
[ RUN      ] format_test.test_formatters_enabled
[       OK ] format_test.test_formatters_enabled (0 ms)
[ RUN      ] format_test.format_facet
[       OK ] format_test.format_facet (0 ms)
[ RUN      ] format_test.format_facet_separator
[       OK ] format_test.format_facet_separator (0 ms)
[ RUN      ] format_test.format_facet_grouping
[       OK ] format_test.format_facet_grouping (0 ms)
[ RUN      ] format_test.format_named_arg_with_locale
[       OK ] format_test.format_named_arg_with_locale (0 ms)
[ RUN      ] format_test.formatter_nonconst_char
[       OK ] format_test.formatter_nonconst_char (0 ms)
[----------] 87 tests from format_test (2 ms total)

[----------] 2 tests from format_int_test
[ RUN      ] format_int_test.data
[       OK ] format_int_test.data (0 ms)
[ RUN      ] format_int_test.format_int
[       OK ] format_int_test.format_int (0 ms)
[----------] 2 tests from format_int_test (0 ms total)

[----------] Global test environment tear-down
[==========] 114 tests from 6 test suites ran. (3 ms total)
[  PASSED  ] 114 tests.
<end of output>
Test time =   0.00 sec
----------------------------------------------------------
Test Passed.
"format-test" end time: Nov 11 21:03 CST
"format-test" time elapsed: 00:00:00
----------------------------------------------------------

8/20 Testing: format-impl-test
8/20 Test: format-impl-test
Command: "/home/jianqiu/Desktop/ProfessionalCppCodeHelper/fmt-10.1.0/build/bin/format-impl-test"
Directory: /home/jianqiu/Desktop/ProfessionalCppCodeHelper/fmt-10.1.0/build/test
"format-impl-test" start time: Nov 11 21:03 CST
Output:
----------------------------------------------------------
[==========] Running 28 tests from 4 test suites.
[----------] Global test environment set-up.
[----------] 10 tests from bigint_test
[ RUN      ] bigint_test.construct
[       OK ] bigint_test.construct (0 ms)
[ RUN      ] bigint_test.compare
[       OK ] bigint_test.compare (0 ms)
[ RUN      ] bigint_test.add_compare
[       OK ] bigint_test.add_compare (0 ms)
[ RUN      ] bigint_test.shift_left
[       OK ] bigint_test.shift_left (0 ms)
[ RUN      ] bigint_test.multiply
[       OK ] bigint_test.multiply (0 ms)
[ RUN      ] bigint_test.square
[       OK ] bigint_test.square (0 ms)
[ RUN      ] bigint_test.divmod_assign_zero_divisor
[       OK ] bigint_test.divmod_assign_zero_divisor (0 ms)
[ RUN      ] bigint_test.divmod_assign_self
[       OK ] bigint_test.divmod_assign_self (0 ms)
[ RUN      ] bigint_test.divmod_assign_unaligned
[       OK ] bigint_test.divmod_assign_unaligned (0 ms)
[ RUN      ] bigint_test.divmod_assign
[       OK ] bigint_test.divmod_assign (0 ms)
[----------] 10 tests from bigint_test (0 ms total)

[----------] 4 tests from fp_test
[ RUN      ] fp_test.double_tests
[       OK ] fp_test.double_tests (0 ms)
[ RUN      ] fp_test.normalize
[       OK ] fp_test.normalize (0 ms)
[ RUN      ] fp_test.multiply
[       OK ] fp_test.multiply (0 ms)
[ RUN      ] fp_test.dragonbox_max_k
[       OK ] fp_test.dragonbox_max_k (0 ms)
[----------] 4 tests from fp_test (0 ms total)

[----------] 13 tests from format_impl_test
[ RUN      ] format_impl_test.format_error_code
[       OK ] format_impl_test.format_error_code (0 ms)
[ RUN      ] format_impl_test.compute_width
[       OK ] format_impl_test.compute_width (0 ms)
[ RUN      ] format_impl_test.count_digits
[       OK ] format_impl_test.count_digits (0 ms)
[ RUN      ] format_impl_test.countl_zero
[       OK ] format_impl_test.countl_zero (0 ms)
[ RUN      ] format_impl_test.write_float128
[       OK ] format_impl_test.write_float128 (0 ms)
[ RUN      ] format_impl_test.write_double_double
[       OK ] format_impl_test.write_double_double (0 ms)
[ RUN      ] format_impl_test.write_dragon_even
[       OK ] format_impl_test.write_dragon_even (0 ms)
[ RUN      ] format_impl_test.utf8_decode_decode_all
[       OK ] format_impl_test.utf8_decode_decode_all (12 ms)
[ RUN      ] format_impl_test.utf8_decode_out_of_range
[       OK ] format_impl_test.utf8_decode_out_of_range (2 ms)
[ RUN      ] format_impl_test.utf8_decode_surrogate_halves
[       OK ] format_impl_test.utf8_decode_surrogate_halves (0 ms)
[ RUN      ] format_impl_test.utf8_decode_non_canonical_encodings
[       OK ] format_impl_test.utf8_decode_non_canonical_encodings (0 ms)
[ RUN      ] format_impl_test.utf8_decode_bogus_byte_sequences
[       OK ] format_impl_test.utf8_decode_bogus_byte_sequences (0 ms)
[ RUN      ] format_impl_test.to_utf8
[       OK ] format_impl_test.to_utf8 (0 ms)
[----------] 13 tests from format_impl_test (15 ms total)

[----------] 1 test from header_only_test
[ RUN      ] header_only_test.format
[       OK ] header_only_test.format (0 ms)
[----------] 1 test from header_only_test (0 ms total)

[----------] Global test environment tear-down
[==========] 28 tests from 4 test suites ran. (15 ms total)
[  PASSED  ] 28 tests.
<end of output>
Test time =   0.02 sec
----------------------------------------------------------
Test Passed.
"format-impl-test" end time: Nov 11 21:03 CST
"format-impl-test" time elapsed: 00:00:00
----------------------------------------------------------

9/20 Testing: ostream-test
9/20 Test: ostream-test
Command: "/home/jianqiu/Desktop/ProfessionalCppCodeHelper/fmt-10.1.0/build/bin/ostream-test"
Directory: /home/jianqiu/Desktop/ProfessionalCppCodeHelper/fmt-10.1.0/build/test
"ostream-test" start time: Nov 11 21:03 CST
Output:
----------------------------------------------------------
[==========] Running 18 tests from 1 test suite.
[----------] Global test environment set-up.
[----------] 18 tests from ostream_test
[ RUN      ] ostream_test.enum
[       OK ] ostream_test.enum (0 ms)
[ RUN      ] ostream_test.format
[       OK ] ostream_test.format (0 ms)
[ RUN      ] ostream_test.format_specs
[       OK ] ostream_test.format_specs (0 ms)
[ RUN      ] ostream_test.empty_custom_output
[       OK ] ostream_test.empty_custom_output (0 ms)
[ RUN      ] ostream_test.print
[       OK ] ostream_test.print (0 ms)
[ RUN      ] ostream_test.write_to_ostream
[       OK ] ostream_test.write_to_ostream (0 ms)
[ RUN      ] ostream_test.write_to_ostream_max_size
[       OK ] ostream_test.write_to_ostream_max_size (0 ms)
[ RUN      ] ostream_test.join
[       OK ] ostream_test.join (0 ms)
[ RUN      ] ostream_test.join_fallback_formatter
[       OK ] ostream_test.join_fallback_formatter (0 ms)
[ RUN      ] ostream_test.constexpr_string
[       OK ] ostream_test.constexpr_string (0 ms)
[ RUN      ] ostream_test.template
[       OK ] ostream_test.template (0 ms)
[ RUN      ] ostream_test.format_to_n
[       OK ] ostream_test.format_to_n (0 ms)
[ RUN      ] ostream_test.copyfmt
[       OK ] ostream_test.copyfmt (0 ms)
[ RUN      ] ostream_test.to_string
[       OK ] ostream_test.to_string (0 ms)
[ RUN      ] ostream_test.range
[       OK ] ostream_test.range (0 ms)
[ RUN      ] ostream_test.is_formattable
[       OK ] ostream_test.is_formattable (0 ms)
[ RUN      ] ostream_test.streamed
[       OK ] ostream_test.streamed (0 ms)
[ RUN      ] ostream_test.closed_ofstream
[       OK ] ostream_test.closed_ofstream (0 ms)
[----------] 18 tests from ostream_test (0 ms total)

[----------] Global test environment tear-down
[==========] 18 tests from 1 test suite ran. (0 ms total)
[  PASSED  ] 18 tests.
<end of output>
Test time =   0.00 sec
----------------------------------------------------------
Test Passed.
"ostream-test" end time: Nov 11 21:03 CST
"ostream-test" time elapsed: 00:00:00
----------------------------------------------------------

10/20 Testing: compile-test
10/20 Test: compile-test
Command: "/home/jianqiu/Desktop/ProfessionalCppCodeHelper/fmt-10.1.0/build/bin/compile-test"
Directory: /home/jianqiu/Desktop/ProfessionalCppCodeHelper/fmt-10.1.0/build/test
"compile-test" start time: Nov 11 21:03 CST
Output:
----------------------------------------------------------
[==========] Running 17 tests from 2 test suites.
[----------] Global test environment set-up.
[----------] 1 test from iterator_test
[ RUN      ] iterator_test.counting_iterator
[       OK ] iterator_test.counting_iterator (0 ms)
[----------] 1 test from iterator_test (0 ms total)

[----------] 16 tests from compile_test
[ RUN      ] compile_test.compile_fallback
[       OK ] compile_test.compile_fallback (0 ms)
[ RUN      ] compile_test.compile_type_with_get
[       OK ] compile_test.compile_type_with_get (0 ms)
[ RUN      ] compile_test.format_default
[       OK ] compile_test.format_default (0 ms)
[ RUN      ] compile_test.format_wide_string
[       OK ] compile_test.format_wide_string (0 ms)
[ RUN      ] compile_test.format_specs
[       OK ] compile_test.format_specs (0 ms)
[ RUN      ] compile_test.dynamic_format_specs
[       OK ] compile_test.dynamic_format_specs (0 ms)
[ RUN      ] compile_test.manual_ordering
[       OK ] compile_test.manual_ordering (0 ms)
[ RUN      ] compile_test.named
[       OK ] compile_test.named (0 ms)
[ RUN      ] compile_test.join
[       OK ] compile_test.join (0 ms)
[ RUN      ] compile_test.format_to
[       OK ] compile_test.format_to (0 ms)
[ RUN      ] compile_test.format_to_n
[       OK ] compile_test.format_to_n (0 ms)
[ RUN      ] compile_test.text_and_arg
[       OK ] compile_test.text_and_arg (0 ms)
[ RUN      ] compile_test.unknown_format_fallback
[       OK ] compile_test.unknown_format_fallback (0 ms)
[ RUN      ] compile_test.empty
[       OK ] compile_test.empty (0 ms)
[ RUN      ] compile_test.to_string_and_formatter
[       OK ] compile_test.to_string_and_formatter (0 ms)
[ RUN      ] compile_test.print
[       OK ] compile_test.print (0 ms)
[----------] 16 tests from compile_test (0 ms total)

[----------] Global test environment tear-down
[==========] 17 tests from 2 test suites ran. (0 ms total)
[  PASSED  ] 17 tests.
<end of output>
Test time =   0.00 sec
----------------------------------------------------------
Test Passed.
"compile-test" end time: Nov 11 21:03 CST
"compile-test" time elapsed: 00:00:00
----------------------------------------------------------

11/20 Testing: compile-fp-test
11/20 Test: compile-fp-test
Command: "/home/jianqiu/Desktop/ProfessionalCppCodeHelper/fmt-10.1.0/build/bin/compile-fp-test"
Directory: /home/jianqiu/Desktop/ProfessionalCppCodeHelper/fmt-10.1.0/build/test
"compile-fp-test" start time: Nov 11 21:03 CST
Output:
----------------------------------------------------------
[==========] Running 0 tests from 0 test suites.
[==========] 0 tests from 0 test suites ran. (0 ms total)
[  PASSED  ] 0 tests.
<end of output>
Test time =   0.00 sec
----------------------------------------------------------
Test Passed.
"compile-fp-test" end time: Nov 11 21:03 CST
"compile-fp-test" time elapsed: 00:00:00
----------------------------------------------------------

12/20 Testing: printf-test
12/20 Test: printf-test
Command: "/home/jianqiu/Desktop/ProfessionalCppCodeHelper/fmt-10.1.0/build/bin/printf-test"
Directory: /home/jianqiu/Desktop/ProfessionalCppCodeHelper/fmt-10.1.0/build/test
"printf-test" start time: Nov 11 21:03 CST
Output:
----------------------------------------------------------
[==========] Running 37 tests from 1 test suite.
[----------] Global test environment set-up.
[----------] 37 tests from printf_test
[ RUN      ] printf_test.no_args
[       OK ] printf_test.no_args (0 ms)
[ RUN      ] printf_test.escape
[       OK ] printf_test.escape (0 ms)
[ RUN      ] printf_test.positional_args
[       OK ] printf_test.positional_args (0 ms)
[ RUN      ] printf_test.automatic_arg_indexing
[       OK ] printf_test.automatic_arg_indexing (0 ms)
[ RUN      ] printf_test.number_is_too_big_in_arg_index
[       OK ] printf_test.number_is_too_big_in_arg_index (0 ms)
[ RUN      ] printf_test.switch_arg_indexing
[       OK ] printf_test.switch_arg_indexing (0 ms)
[ RUN      ] printf_test.invalid_arg_index
[       OK ] printf_test.invalid_arg_index (0 ms)
[ RUN      ] printf_test.default_align_right
[       OK ] printf_test.default_align_right (0 ms)
[ RUN      ] printf_test.zero_flag
[       OK ] printf_test.zero_flag (0 ms)
[ RUN      ] printf_test.plus_flag
[       OK ] printf_test.plus_flag (0 ms)
[ RUN      ] printf_test.minus_flag
[       OK ] printf_test.minus_flag (0 ms)
[ RUN      ] printf_test.space_flag
[       OK ] printf_test.space_flag (0 ms)
[ RUN      ] printf_test.hash_flag
[       OK ] printf_test.hash_flag (0 ms)
[ RUN      ] printf_test.width
[       OK ] printf_test.width (0 ms)
[ RUN      ] printf_test.dynamic_width
[       OK ] printf_test.dynamic_width (0 ms)
[ RUN      ] printf_test.int_precision
[       OK ] printf_test.int_precision (0 ms)
[ RUN      ] printf_test.float_precision
[       OK ] printf_test.float_precision (0 ms)
[ RUN      ] printf_test.string_precision
[       OK ] printf_test.string_precision (0 ms)
[ RUN      ] printf_test.ignore_precision_for_non_numeric_arg
[       OK ] printf_test.ignore_precision_for_non_numeric_arg (0 ms)
[ RUN      ] printf_test.dynamic_precision
[       OK ] printf_test.dynamic_precision (0 ms)
[ RUN      ] printf_test.length
[       OK ] printf_test.length (0 ms)
[ RUN      ] printf_test.bool
[       OK ] printf_test.bool (0 ms)
[ RUN      ] printf_test.int
[       OK ] printf_test.int (0 ms)
[ RUN      ] printf_test.long_long
[       OK ] printf_test.long_long (0 ms)
[ RUN      ] printf_test.float
[       OK ] printf_test.float (0 ms)
[ RUN      ] printf_test.inf
[       OK ] printf_test.inf (0 ms)
[ RUN      ] printf_test.char
[       OK ] printf_test.char (0 ms)
[ RUN      ] printf_test.string
[       OK ] printf_test.string (0 ms)
[ RUN      ] printf_test.pointer
[       OK ] printf_test.pointer (0 ms)
[ RUN      ] printf_test.enum
[       OK ] printf_test.enum (0 ms)
[ RUN      ] printf_test.examples
[       OK ] printf_test.examples (0 ms)
[ RUN      ] printf_test.printf_error
[       OK ] printf_test.printf_error (0 ms)
[ RUN      ] printf_test.wide_string
[       OK ] printf_test.wide_string (0 ms)
[ RUN      ] printf_test.vprintf
[       OK ] printf_test.vprintf (0 ms)
[ RUN      ] printf_test.check_format_string_regression
[       OK ] printf_test.check_format_string_regression (0 ms)
[ RUN      ] printf_test.fixed_large_exponent
[       OK ] printf_test.fixed_large_exponent (0 ms)
[ RUN      ] printf_test.make_printf_args
[       OK ] printf_test.make_printf_args (0 ms)
[----------] 37 tests from printf_test (1 ms total)

[----------] Global test environment tear-down
[==========] 37 tests from 1 test suite ran. (1 ms total)
[  PASSED  ] 37 tests.
<end of output>
Test time =   0.00 sec
----------------------------------------------------------
Test Passed.
"printf-test" end time: Nov 11 21:03 CST
"printf-test" time elapsed: 00:00:00
----------------------------------------------------------

13/20 Testing: ranges-test
13/20 Test: ranges-test
Command: "/home/jianqiu/Desktop/ProfessionalCppCodeHelper/fmt-10.1.0/build/bin/ranges-test"
Directory: /home/jianqiu/Desktop/ProfessionalCppCodeHelper/fmt-10.1.0/build/test
"ranges-test" start time: Nov 11 21:03 CST
Output:
----------------------------------------------------------
[==========] Running 28 tests from 2 test suites.
[----------] Global test environment set-up.
[----------] 27 tests from ranges_test
[ RUN      ] ranges_test.format_array
[       OK ] ranges_test.format_array (0 ms)
[ RUN      ] ranges_test.format_2d_array
[       OK ] ranges_test.format_2d_array (0 ms)
[ RUN      ] ranges_test.format_array_of_literals
[       OK ] ranges_test.format_array_of_literals (0 ms)
[ RUN      ] ranges_test.format_vector
[       OK ] ranges_test.format_vector (0 ms)
[ RUN      ] ranges_test.format_vector2
[       OK ] ranges_test.format_vector2 (0 ms)
[ RUN      ] ranges_test.format_map
[       OK ] ranges_test.format_map (0 ms)
[ RUN      ] ranges_test.format_set
[       OK ] ranges_test.format_set (0 ms)
[ RUN      ] ranges_test.format_flat_set
[       OK ] ranges_test.format_flat_set (0 ms)
[ RUN      ] ranges_test.format_adl_begin_end
[       OK ] ranges_test.format_adl_begin_end (0 ms)
[ RUN      ] ranges_test.format_pair
[       OK ] ranges_test.format_pair (0 ms)
[ RUN      ] ranges_test.format_tuple
[       OK ] ranges_test.format_tuple (0 ms)
[ RUN      ] ranges_test.tuple_parse_calls_element_parse
[       OK ] ranges_test.tuple_parse_calls_element_parse (0 ms)
[ RUN      ] ranges_test.format_struct
[       OK ] ranges_test.format_struct (0 ms)
[ RUN      ] ranges_test.format_to
[       OK ] ranges_test.format_to (0 ms)
[ RUN      ] ranges_test.disabled_range_formatting_of_path
[       OK ] ranges_test.disabled_range_formatting_of_path (0 ms)
[ RUN      ] ranges_test.range
[       OK ] ranges_test.range (0 ms)
[ RUN      ] ranges_test.enum_range
[       OK ] ranges_test.enum_range (0 ms)
[ RUN      ] ranges_test.unformattable_range
[       OK ] ranges_test.unformattable_range (0 ms)
[ RUN      ] ranges_test.join_tuple
[       OK ] ranges_test.join_tuple (0 ms)
[ RUN      ] ranges_test.join_initializer_list
[       OK ] ranges_test.join_initializer_list (0 ms)
[ RUN      ] ranges_test.join_sentinel
[       OK ] ranges_test.join_sentinel (0 ms)
[ RUN      ] ranges_test.join_range
[       OK ] ranges_test.join_range (0 ms)
[ RUN      ] ranges_test.is_printable
[       OK ] ranges_test.is_printable (0 ms)
[ RUN      ] ranges_test.escape
[       OK ] ranges_test.escape (0 ms)
[ RUN      ] ranges_test.range_of_range_of_mixed_const
[       OK ] ranges_test.range_of_range_of_mixed_const (0 ms)
[ RUN      ] ranges_test.vector_char
[       OK ] ranges_test.vector_char (0 ms)
[ RUN      ] ranges_test.container_adaptor
[       OK ] ranges_test.container_adaptor (0 ms)
[----------] 27 tests from ranges_test (0 ms total)

[----------] 1 test from ranges_odr_test
[ RUN      ] ranges_odr_test.format_vector
[       OK ] ranges_odr_test.format_vector (0 ms)
[----------] 1 test from ranges_odr_test (0 ms total)

[----------] Global test environment tear-down
[==========] 28 tests from 2 test suites ran. (0 ms total)
[  PASSED  ] 28 tests.
<end of output>
Test time =   0.00 sec
----------------------------------------------------------
Test Passed.
"ranges-test" end time: Nov 11 21:03 CST
"ranges-test" time elapsed: 00:00:00
----------------------------------------------------------

14/20 Testing: scan-test
14/20 Test: scan-test
Command: "/home/jianqiu/Desktop/ProfessionalCppCodeHelper/fmt-10.1.0/build/bin/scan-test"
Directory: /home/jianqiu/Desktop/ProfessionalCppCodeHelper/fmt-10.1.0/build/test
"scan-test" start time: Nov 11 21:03 CST
Output:
----------------------------------------------------------
[==========] Running 10 tests from 1 test suite.
[----------] Global test environment set-up.
[----------] 10 tests from scan_test
[ RUN      ] scan_test.read_text
[       OK ] scan_test.read_text (0 ms)
[ RUN      ] scan_test.read_int
[       OK ] scan_test.read_int (0 ms)
[ RUN      ] scan_test.read_longlong
[       OK ] scan_test.read_longlong (0 ms)
[ RUN      ] scan_test.read_uint
[       OK ] scan_test.read_uint (0 ms)
[ RUN      ] scan_test.read_ulonglong
[       OK ] scan_test.read_ulonglong (0 ms)
[ RUN      ] scan_test.read_string
[       OK ] scan_test.read_string (0 ms)
[ RUN      ] scan_test.read_string_view
[       OK ] scan_test.read_string_view (0 ms)
[ RUN      ] scan_test.read_custom
[       OK ] scan_test.read_custom (0 ms)
[ RUN      ] scan_test.invalid_format
[       OK ] scan_test.invalid_format (0 ms)
[ RUN      ] scan_test.example
[       OK ] scan_test.example (0 ms)
[----------] 10 tests from scan_test (0 ms total)

[----------] Global test environment tear-down
[==========] 10 tests from 1 test suite ran. (0 ms total)
[  PASSED  ] 10 tests.
<end of output>
Test time =   0.00 sec
----------------------------------------------------------
Test Passed.
"scan-test" end time: Nov 11 21:03 CST
"scan-test" time elapsed: 00:00:00
----------------------------------------------------------

15/20 Testing: std-test
15/20 Test: std-test
Command: "/home/jianqiu/Desktop/ProfessionalCppCodeHelper/fmt-10.1.0/build/bin/std-test"
Directory: /home/jianqiu/Desktop/ProfessionalCppCodeHelper/fmt-10.1.0/build/test
"std-test" start time: Nov 11 21:03 CST
Output:
----------------------------------------------------------
[==========] Running 10 tests from 2 test suites.
[----------] Global test environment set-up.
[----------] 8 tests from std_test
[ RUN      ] std_test.path
[       OK ] std_test.path (0 ms)
[ RUN      ] std_test.thread_id
[       OK ] std_test.thread_id (0 ms)
[ RUN      ] std_test.optional
[       OK ] std_test.optional (0 ms)
[ RUN      ] std_test.variant
[       OK ] std_test.variant (0 ms)
[ RUN      ] std_test.error_code
[       OK ] std_test.error_code (0 ms)
[ RUN      ] std_test.exception
[       OK ] std_test.exception (0 ms)
[ RUN      ] std_test.format_bit_reference
[       OK ] std_test.format_bit_reference (0 ms)
[ RUN      ] std_test.format_const_bit_reference
[       OK ] std_test.format_const_bit_reference (0 ms)
[----------] 8 tests from std_test (0 ms total)

[----------] 2 tests from ranges_std_test
[ RUN      ] ranges_std_test.format_vector_path
[       OK ] ranges_std_test.format_vector_path (0 ms)
[ RUN      ] ranges_std_test.format_quote_path
[       OK ] ranges_std_test.format_quote_path (0 ms)
[----------] 2 tests from ranges_std_test (0 ms total)

[----------] Global test environment tear-down
[==========] 10 tests from 2 test suites ran. (0 ms total)
[  PASSED  ] 10 tests.
<end of output>
Test time =   0.00 sec
----------------------------------------------------------
Test Passed.
"std-test" end time: Nov 11 21:03 CST
"std-test" time elapsed: 00:00:00
----------------------------------------------------------

16/20 Testing: unicode-test
16/20 Test: unicode-test
Command: "/home/jianqiu/Desktop/ProfessionalCppCodeHelper/fmt-10.1.0/build/bin/unicode-test"
Directory: /home/jianqiu/Desktop/ProfessionalCppCodeHelper/fmt-10.1.0/build/test
"unicode-test" start time: Nov 11 21:03 CST
Output:
----------------------------------------------------------
[==========] Running 2 tests from 1 test suite.
[----------] Global test environment set-up.
[----------] 2 tests from unicode_test
[ RUN      ] unicode_test.is_utf8
[       OK ] unicode_test.is_utf8 (0 ms)
[ RUN      ] unicode_test.legacy_locale
be_BY.CP1251 locale is missing.
[       OK ] unicode_test.legacy_locale (0 ms)
[----------] 2 tests from unicode_test (0 ms total)

[----------] Global test environment tear-down
[==========] 2 tests from 1 test suite ran. (0 ms total)
[  PASSED  ] 2 tests.
<end of output>
Test time =   0.00 sec
----------------------------------------------------------
Test Passed.
"unicode-test" end time: Nov 11 21:03 CST
"unicode-test" time elapsed: 00:00:00
----------------------------------------------------------

17/20 Testing: xchar-test
17/20 Test: xchar-test
Command: "/home/jianqiu/Desktop/ProfessionalCppCodeHelper/fmt-10.1.0/build/bin/xchar-test"
Directory: /home/jianqiu/Desktop/ProfessionalCppCodeHelper/fmt-10.1.0/build/test
"xchar-test" start time: Nov 11 21:03 CST
Output:
----------------------------------------------------------
[==========] Running 37 tests from 9 test suites.
[----------] Global test environment set-up.
[----------] 1 test from is_string_test/0, where TypeParam = char
[ RUN      ] is_string_test/0.is_string
[       OK ] is_string_test/0.is_string (0 ms)
[----------] 1 test from is_string_test/0 (0 ms total)

[----------] 1 test from is_string_test/1, where TypeParam = wchar_t
[ RUN      ] is_string_test/1.is_string
[       OK ] is_string_test/1.is_string (0 ms)
[----------] 1 test from is_string_test/1 (0 ms total)

[----------] 1 test from is_string_test/2, where TypeParam = char16_t
[ RUN      ] is_string_test/2.is_string
[       OK ] is_string_test/2.is_string (0 ms)
[----------] 1 test from is_string_test/2 (0 ms total)

[----------] 1 test from is_string_test/3, where TypeParam = char32_t
[ RUN      ] is_string_test/3.is_string
[       OK ] is_string_test/3.is_string (0 ms)
[----------] 1 test from is_string_test/3 (0 ms total)

[----------] 21 tests from xchar_test
[ RUN      ] xchar_test.format_explicitly_convertible_to_wstring_view
[       OK ] xchar_test.format_explicitly_convertible_to_wstring_view (0 ms)
[ RUN      ] xchar_test.format
[       OK ] xchar_test.format (0 ms)
[ RUN      ] xchar_test.is_formattable
[       OK ] xchar_test.is_formattable (0 ms)
[ RUN      ] xchar_test.compile_time_string
[       OK ] xchar_test.compile_time_string (0 ms)
[ RUN      ] xchar_test.format_custom_char
[       OK ] xchar_test.format_custom_char (0 ms)
[ RUN      ] xchar_test.format_utf8_precision
[       OK ] xchar_test.format_utf8_precision (0 ms)
[ RUN      ] xchar_test.format_to
[       OK ] xchar_test.format_to (0 ms)
[ RUN      ] xchar_test.vformat_to
[       OK ] xchar_test.vformat_to (0 ms)
[ RUN      ] xchar_test.format_as
[       OK ] xchar_test.format_as (0 ms)
[ RUN      ] xchar_test.named_arg_udl
[       OK ] xchar_test.named_arg_udl (0 ms)
[ RUN      ] xchar_test.print
[       OK ] xchar_test.print (0 ms)
[ RUN      ] xchar_test.join
[       OK ] xchar_test.join (0 ms)
[ RUN      ] xchar_test.enum
[       OK ] xchar_test.enum (0 ms)
[ RUN      ] xchar_test.streamed
[       OK ] xchar_test.streamed (0 ms)
[ RUN      ] xchar_test.sign_not_truncated
[       OK ] xchar_test.sign_not_truncated (0 ms)
[ RUN      ] xchar_test.chrono
[       OK ] xchar_test.chrono (0 ms)
[ RUN      ] xchar_test.color
[       OK ] xchar_test.color (0 ms)
[ RUN      ] xchar_test.ostream
[       OK ] xchar_test.ostream (0 ms)
[ RUN      ] xchar_test.format_map
[       OK ] xchar_test.format_map (0 ms)
[ RUN      ] xchar_test.escape_string
[       OK ] xchar_test.escape_string (0 ms)
[ RUN      ] xchar_test.to_wstring
[       OK ] xchar_test.to_wstring (0 ms)
[----------] 21 tests from xchar_test (0 ms total)

[----------] 1 test from format_test
[ RUN      ] format_test.wide_format_to_n
[       OK ] format_test.wide_format_to_n (0 ms)
[----------] 1 test from format_test (0 ms total)

[----------] 1 test from chrono_test_wchar
[ RUN      ] chrono_test_wchar.time_point
[       OK ] chrono_test_wchar.time_point (0 ms)
[----------] 1 test from chrono_test_wchar (0 ms total)

[----------] 9 tests from locale_test
[ RUN      ] locale_test.localized_double
[       OK ] locale_test.localized_double (0 ms)
[ RUN      ] locale_test.format
[       OK ] locale_test.format (0 ms)
[ RUN      ] locale_test.format_detault_align
[       OK ] locale_test.format_detault_align (0 ms)
[ RUN      ] locale_test.format_plus
[       OK ] locale_test.format_plus (0 ms)
[ RUN      ] locale_test.wformat
[       OK ] locale_test.wformat (0 ms)
[ RUN      ] locale_test.int_formatter
[       OK ] locale_test.int_formatter (0 ms)
[ RUN      ] locale_test.complex
[       OK ] locale_test.complex (0 ms)
[ RUN      ] locale_test.chrono_weekday
ru_RU.UTF-8 locale is missing.
[       OK ] locale_test.chrono_weekday (0 ms)
[ RUN      ] locale_test.sign
[       OK ] locale_test.sign (0 ms)
[----------] 9 tests from locale_test (0 ms total)

[----------] 1 test from std_test_xchar
[ RUN      ] std_test_xchar.optional
[       OK ] std_test_xchar.optional (0 ms)
[----------] 1 test from std_test_xchar (0 ms total)

[----------] Global test environment tear-down
[==========] 37 tests from 9 test suites ran. (0 ms total)
[  PASSED  ] 37 tests.
<end of output>
Test time =   0.00 sec
----------------------------------------------------------
Test Passed.
"xchar-test" end time: Nov 11 21:03 CST
"xchar-test" time elapsed: 00:00:00
----------------------------------------------------------

18/20 Testing: enforce-checks-test
18/20 Test: enforce-checks-test
Command: "/home/jianqiu/Desktop/ProfessionalCppCodeHelper/fmt-10.1.0/build/bin/enforce-checks-test"
Directory: /home/jianqiu/Desktop/ProfessionalCppCodeHelper/fmt-10.1.0/build/test
"enforce-checks-test" start time: Nov 11 21:03 CST
Output:
----------------------------------------------------------
[38;2;255;020;030mrgb(255,20,30)[0m
<end of output>
Test time =   0.00 sec
----------------------------------------------------------
Test Passed.
"enforce-checks-test" end time: Nov 11 21:03 CST
"enforce-checks-test" time elapsed: 00:00:00
----------------------------------------------------------

19/20 Testing: posix-mock-test
19/20 Test: posix-mock-test
Command: "/home/jianqiu/Desktop/ProfessionalCppCodeHelper/fmt-10.1.0/build/bin/posix-mock-test"
Directory: /home/jianqiu/Desktop/ProfessionalCppCodeHelper/fmt-10.1.0/build/test
"posix-mock-test" start time: Nov 11 21:03 CST
Output:
----------------------------------------------------------
[==========] Running 18 tests from 4 test suites.
[----------] Global test environment set-up.
[----------] 1 test from os_test
[ RUN      ] os_test.getpagesize
[       OK ] os_test.getpagesize (0 ms)
[----------] 1 test from os_test (0 ms total)

[----------] 12 tests from file_test
[ RUN      ] file_test.open_retry
[       OK ] file_test.open_retry (0 ms)
[ RUN      ] file_test.close_no_retry_in_dtor
[       OK ] file_test.close_no_retry_in_dtor (0 ms)
[ RUN      ] file_test.close_no_retry
[       OK ] file_test.close_no_retry (0 ms)
[ RUN      ] file_test.size
[       OK ] file_test.size (8 ms)
[ RUN      ] file_test.max_size
[       OK ] file_test.max_size (0 ms)
[ RUN      ] file_test.read_retry
[       OK ] file_test.read_retry (0 ms)
[ RUN      ] file_test.write_retry
[       OK ] file_test.write_retry (0 ms)
[ RUN      ] file_test.dup_no_retry
[       OK ] file_test.dup_no_retry (0 ms)
[ RUN      ] file_test.dup2_retry
[       OK ] file_test.dup2_retry (0 ms)
[ RUN      ] file_test.dup2_no_except_retry
[       OK ] file_test.dup2_no_except_retry (0 ms)
[ RUN      ] file_test.pipe_no_retry
[       OK ] file_test.pipe_no_retry (0 ms)
[ RUN      ] file_test.fdopen_no_retry
[       OK ] file_test.fdopen_no_retry (0 ms)
[----------] 12 tests from file_test (9 ms total)

[----------] 4 tests from buffered_file_test
[ RUN      ] buffered_file_test.open_retry
[       OK ] buffered_file_test.open_retry (0 ms)
[ RUN      ] buffered_file_test.close_no_retry_in_dtor
[       OK ] buffered_file_test.close_no_retry_in_dtor (0 ms)
[ RUN      ] buffered_file_test.close_no_retry
[       OK ] buffered_file_test.close_no_retry (0 ms)
[ RUN      ] buffered_file_test.fileno_no_retry
[       OK ] buffered_file_test.fileno_no_retry (0 ms)
[----------] 4 tests from buffered_file_test (0 ms total)

[----------] 1 test from scoped_mock
[ RUN      ] scoped_mock.scope
[       OK ] scoped_mock.scope (0 ms)
[----------] 1 test from scoped_mock (0 ms total)

[----------] Global test environment tear-down
[==========] 18 tests from 4 test suites ran. (9 ms total)
[  PASSED  ] 18 tests.
<end of output>
Test time =   0.01 sec
----------------------------------------------------------
Test Passed.
"posix-mock-test" end time: Nov 11 21:03 CST
"posix-mock-test" time elapsed: 00:00:00
----------------------------------------------------------

20/20 Testing: os-test
20/20 Test: os-test
Command: "/home/jianqiu/Desktop/ProfessionalCppCodeHelper/fmt-10.1.0/build/bin/os-test"
Directory: /home/jianqiu/Desktop/ProfessionalCppCodeHelper/fmt-10.1.0/build/test
"os-test" start time: Nov 11 21:03 CST
Output:
----------------------------------------------------------
[==========] Running 44 tests from 3 test suites.
[----------] Global test environment set-up.
[----------] 12 tests from buffered_file_test
[ RUN      ] buffered_file_test.default_ctor
[       OK ] buffered_file_test.default_ctor (0 ms)
[ RUN      ] buffered_file_test.move_ctor
[       OK ] buffered_file_test.move_ctor (0 ms)
[ RUN      ] buffered_file_test.move_assignment
[       OK ] buffered_file_test.move_assignment (0 ms)
[ RUN      ] buffered_file_test.move_assignment_closes_file
[       OK ] buffered_file_test.move_assignment_closes_file (0 ms)
[ RUN      ] buffered_file_test.move_from_temporary_in_ctor
[       OK ] buffered_file_test.move_from_temporary_in_ctor (0 ms)
[ RUN      ] buffered_file_test.move_from_temporary_in_assignment
[       OK ] buffered_file_test.move_from_temporary_in_assignment (0 ms)
[ RUN      ] buffered_file_test.move_from_temporary_in_assignment_closes_file
[       OK ] buffered_file_test.move_from_temporary_in_assignment_closes_file (0 ms)
[ RUN      ] buffered_file_test.close_file_in_dtor
[       OK ] buffered_file_test.close_file_in_dtor (0 ms)
[ RUN      ] buffered_file_test.close_error_in_dtor
[       OK ] buffered_file_test.close_error_in_dtor (0 ms)
[ RUN      ] buffered_file_test.close
[       OK ] buffered_file_test.close (0 ms)
[ RUN      ] buffered_file_test.close_error
[       OK ] buffered_file_test.close_error (0 ms)
[ RUN      ] buffered_file_test.descriptor
[       OK ] buffered_file_test.descriptor (0 ms)
[----------] 12 tests from buffered_file_test (0 ms total)

[----------] 7 tests from ostream_test
[ RUN      ] ostream_test.move
[       OK ] ostream_test.move (0 ms)
[ RUN      ] ostream_test.move_while_holding_data
[       OK ] ostream_test.move_while_holding_data (0 ms)
[ RUN      ] ostream_test.print
[       OK ] ostream_test.print (0 ms)
[ RUN      ] ostream_test.buffer_boundary
[       OK ] ostream_test.buffer_boundary (0 ms)
[ RUN      ] ostream_test.buffer_size
[       OK ] ostream_test.buffer_size (0 ms)
[ RUN      ] ostream_test.truncate
[       OK ] ostream_test.truncate (0 ms)
[ RUN      ] ostream_test.flush
[       OK ] ostream_test.flush (0 ms)
[----------] 7 tests from ostream_test (0 ms total)

[----------] 25 tests from file_test
[ RUN      ] file_test.default_ctor
[       OK ] file_test.default_ctor (0 ms)
[ RUN      ] file_test.open_buffered_file_in_ctor
[       OK ] file_test.open_buffered_file_in_ctor (0 ms)
[ RUN      ] file_test.open_buffered_file_error
[       OK ] file_test.open_buffered_file_error (0 ms)
[ RUN      ] file_test.move_ctor
[       OK ] file_test.move_ctor (0 ms)
[ RUN      ] file_test.move_assignment
[       OK ] file_test.move_assignment (0 ms)
[ RUN      ] file_test.move_assignment_closes_file
[       OK ] file_test.move_assignment_closes_file (0 ms)
[ RUN      ] file_test.move_from_temporary_in_ctor
[       OK ] file_test.move_from_temporary_in_ctor (0 ms)
[ RUN      ] file_test.move_from_temporary_in_assignment
[       OK ] file_test.move_from_temporary_in_assignment (0 ms)
[ RUN      ] file_test.move_from_temporary_in_assignment_closes_file
[       OK ] file_test.move_from_temporary_in_assignment_closes_file (0 ms)
[ RUN      ] file_test.close_file_in_dtor
[       OK ] file_test.close_file_in_dtor (0 ms)
[ RUN      ] file_test.close_error_in_dtor
[       OK ] file_test.close_error_in_dtor (0 ms)
[ RUN      ] file_test.close
[       OK ] file_test.close (0 ms)
[ RUN      ] file_test.close_error
[       OK ] file_test.close_error (0 ms)
[ RUN      ] file_test.read
[       OK ] file_test.read (0 ms)
[ RUN      ] file_test.read_error
[       OK ] file_test.read_error (0 ms)
[ RUN      ] file_test.write
[       OK ] file_test.write (0 ms)
[ RUN      ] file_test.write_error
[       OK ] file_test.write_error (0 ms)
[ RUN      ] file_test.dup
[       OK ] file_test.dup (0 ms)
[ RUN      ] file_test.dup_error
[       OK ] file_test.dup_error (0 ms)
[ RUN      ] file_test.dup2
[       OK ] file_test.dup2 (0 ms)
[ RUN      ] file_test.dup2_error
[       OK ] file_test.dup2_error (0 ms)
[ RUN      ] file_test.dup2_noexcept
[       OK ] file_test.dup2_noexcept (0 ms)
[ RUN      ] file_test.dup2_noexcept_error
[       OK ] file_test.dup2_noexcept_error (0 ms)
[ RUN      ] file_test.pipe
[       OK ] file_test.pipe (0 ms)
[ RUN      ] file_test.fdopen
[       OK ] file_test.fdopen (0 ms)
[----------] 25 tests from file_test (0 ms total)

[----------] Global test environment tear-down
[==========] 44 tests from 3 test suites ran. (0 ms total)
[  PASSED  ] 44 tests.
<end of output>
Test time =   0.00 sec
----------------------------------------------------------
Test Passed.
"os-test" end time: Nov 11 21:03 CST
"os-test" time elapsed: 00:00:00
----------------------------------------------------------

End testing: Nov 11 21:03 CST
